<?xml version="1.0" encoding="UTF-8"?>
<testng-results ignored="0" total="1" passed="1" failed="0" skipped="0">
  <reporter-output>
  </reporter-output>
  <suite started-at="2022-10-20T09:57:09 IST" name="Default suite" finished-at="2022-10-20T09:57:52 IST" duration-ms="43116">
    <groups>
    </groups>
    <test started-at="2022-10-20T09:57:09 IST" name="Default test" finished-at="2022-10-20T09:57:52 IST" duration-ms="43116">
      <class name="ProjectNew.StandAloneTest">
        <test-method signature="cheakBorrowIstimate()[pri:0, instance:ProjectNew.StandAloneTest@5824a83d]" started-at="2022-10-20T09:57:09 IST" name="cheakBorrowIstimate" finished-at="2022-10-20T09:57:51 IST" duration-ms="42479" status="PASS">
          <reporter-output>
          </reporter-output>
        </test-method> <!-- cheakBorrowIstimate -->
        <test-method is-config="true" signature="tearDown()[pri:0, instance:ProjectNew.StandAloneTest@5824a83d]" started-at="2022-10-20T09:57:51 IST" name="tearDown" finished-at="2022-10-20T09:57:52 IST" duration-ms="544" status="PASS">
          <reporter-output>
          </reporter-output>
        </test-method> <!-- tearDown -->
      </class> <!-- ProjectNew.StandAloneTest -->
    </test> <!-- Default test -->
  </suite> <!-- Default suite -->
</testng-results>
